Using pre-set license
Built from '2021.1/staging' branch; Version is '2021.1.2f1 (e5d502d80fbb) revision 15062274'; Using compiler version '192528614'; Build Type 'Release'
OS: 'Windows 10 Pro; OS build 18363.719; Version 1909; 64bit' Language: 'en' Physical Memory: 16300 MB
BatchMode: 1, IsHumanControllingUs: 0, StartBugReporterOnCrash: 0, Is64bit: 1, IsPro: 0

 COMMAND LINE ARGUMENTS:
E:\Unity Editor\2021.1.2f1\Editor\Unity.exe
-adb2
-batchMode
-noUpm
-name
AssetImportWorker0
-projectPath
E:/Programming_Stuff/Unity/Planes
-logFile
Logs/AssetImportWorker0.log
-srvPort
65003
Successfully changed project path to: E:/Programming_Stuff/Unity/Planes
E:/Programming_Stuff/Unity/Planes
Using Asset Import Pipeline V2.
Refreshing native plugins compatible for Editor in 94.37 ms, found 1 plugins.
Preloading 0 native plugins for Editor in 0.00 ms.
Initialize engine version: 2021.1.2f1 (e5d502d80fbb)
[Subsystems] Discovering subsystems at path E:/Unity Editor/2021.1.2f1/Editor/Data/Resources/UnitySubsystems
[Subsystems] Discovering subsystems at path E:/Programming_Stuff/Unity/Planes/Assets
GfxDevice: creating device client; threaded=0; jobified=0
Direct3D:
    Version:  Direct3D 11.0 [level 11.1]
    Renderer: NVIDIA GeForce GTX 1060 6GB (ID=0x1c03)
    Vendor:   NVIDIA
    VRAM:     6052 MB
    Driver:   30.0.14.7212
Initialize mono
Mono path[0] = 'E:/Unity Editor/2021.1.2f1/Editor/Data/Managed'
Mono path[1] = 'E:/Unity Editor/2021.1.2f1/Editor/Data/MonoBleedingEdge/lib/mono/unityjit'
Mono config path = 'E:/Unity Editor/2021.1.2f1/Editor/Data/MonoBleedingEdge/etc'
Using monoOptions --debugger-agent=transport=dt_socket,embedding=1,server=y,suspend=n,address=127.0.0.1:56332
Begin MonoManager ReloadAssembly
Registering precompiled unity dll's ...
Register platform support module: E:/Unity Editor/2021.1.2f1/Editor/Data/PlaybackEngines/WindowsStandaloneSupport/UnityEditor.WindowsStandalone.Extensions.dll
Registered in 0.001463 seconds.
Native extension for WindowsStandalone target not found
Refreshing native plugins compatible for Editor in 95.89 ms, found 1 plugins.
Preloading 0 native plugins for Editor in 0.00 ms.
Mono: successfully reloaded assembly
- Completed reload, in  1.835 seconds
Platform modules already initialized, skipping
Registering precompiled user dll's ...
Registered in 0.002695 seconds.
Begin MonoManager ReloadAssembly
Native extension for WindowsStandalone target not found
Refreshing native plugins compatible for Editor in 95.18 ms, found 1 plugins.
Preloading 0 native plugins for Editor in 0.00 ms.
Mono: successfully reloaded assembly
- Completed reload, in  1.711 seconds
Platform modules already initialized, skipping
========================================================================
Worker process is ready to serve import requests
Launched and connected shader compiler UnityShaderCompiler.exe after 0.05 seconds
Refreshing native plugins compatible for Editor in 0.95 ms, found 1 plugins.
Preloading 0 native plugins for Editor in 0.00 ms.
Unloading 3792 Unused Serialized files (Serialized files now loaded: 0)
System memory in use before: 154.1 MB.
System memory in use after: 154.2 MB.

Unloading 171 unused Assets to reduce memory usage. Loaded Objects now: 4247.
Total: 7.269400 ms (FindLiveObjects: 0.290500 ms CreateObjectMapping: 0.209300 ms MarkObjects: 6.545100 ms  DeleteObjects: 0.223300 ms)

========================================================================
Received Import Request.
  path: Assets/Prefabs/Debug/NonGuidedMissile.prefab
  artifactKey: Guid(32a2588d48a2cfb47859083d87dad156) Importer(815301076,1909f56bfc062723c751e8b465ee728b)
Start importing Assets/Prefabs/Debug/NonGuidedMissile.prefab using Guid(32a2588d48a2cfb47859083d87dad156) Importer(815301076,1909f56bfc062723c751e8b465ee728b)  -> (artifact id: '4d7d383141cae643e7d927713b379194') in 0.346900 seconds 
========================================================================
Received Import Request.
  Time since last request: 0.000299 seconds.
  path: Assets/Prefabs/Debug/Missile02A 1.prefab
  artifactKey: Guid(5c328ed249b39714fa5c49e2739699cc) Importer(815301076,1909f56bfc062723c751e8b465ee728b)
Start importing Assets/Prefabs/Debug/Missile02A 1.prefab using Guid(5c328ed249b39714fa5c49e2739699cc) Importer(815301076,1909f56bfc062723c751e8b465ee728b)  -> (artifact id: 'c35a817a0814b5af7cc1ddc9a460d41a') in 0.056984 seconds 
========================================================================
Received Import Request.
  Time since last request: 0.000230 seconds.
  path: Assets/Prefabs/Debug/Particle System (1).prefab
  artifactKey: Guid(51a466306d94816409c60ab3c13cb5f5) Importer(815301076,1909f56bfc062723c751e8b465ee728b)
Start importing Assets/Prefabs/Debug/Particle System (1).prefab using Guid(51a466306d94816409c60ab3c13cb5f5) Importer(815301076,1909f56bfc062723c751e8b465ee728b)  -> (artifact id: '606c7bd7cd069bf50e80f309043d3f03') in 0.012499 seconds 
========================================================================
Received Import Request.
  Time since last request: 0.000275 seconds.
  path: Assets/Prefabs/Debug/ScorePickup.prefab
  artifactKey: Guid(f004b6ec8afddb2448c92b2d86b5c1d9) Importer(815301076,1909f56bfc062723c751e8b465ee728b)
Start importing Assets/Prefabs/Debug/ScorePickup.prefab using Guid(f004b6ec8afddb2448c92b2d86b5c1d9) Importer(815301076,1909f56bfc062723c751e8b465ee728b)  -> (artifact id: '2cc6b922e945a27ecf6db6515be5dec3') in 0.017581 seconds 
========================================================================
Received Import Request.
  Time since last request: 0.000194 seconds.
  path: Assets/Prefabs/Debug/ExplosionMissile.prefab
  artifactKey: Guid(a2e5e1cd8c1e5d84180a5eba9f272f85) Importer(815301076,1909f56bfc062723c751e8b465ee728b)
Start importing Assets/Prefabs/Debug/ExplosionMissile.prefab using Guid(a2e5e1cd8c1e5d84180a5eba9f272f85) Importer(815301076,1909f56bfc062723c751e8b465ee728b)  -> (artifact id: '3826d4a3109d5dc7cda35bc2ec799500') in 0.036422 seconds 
========================================================================
Received Import Request.
  Time since last request: 0.000244 seconds.
  path: Assets/Prefabs/Planes/Plane1.prefab
  artifactKey: Guid(ebce7f21cdf44f44d8815932485203a5) Importer(815301076,1909f56bfc062723c751e8b465ee728b)
Start importing Assets/Prefabs/Planes/Plane1.prefab using Guid(ebce7f21cdf44f44d8815932485203a5) Importer(815301076,1909f56bfc062723c751e8b465ee728b)  -> (artifact id: 'efc5fb070c6ff35ece5c0541d4299ea2') in 0.030134 seconds 
========================================================================
Received Import Request.
  Time since last request: 0.000198 seconds.
  path: Assets/Prefabs/Debug/Rocket.prefab
  artifactKey: Guid(af20b837c04b5594f92d87731bf6549d) Importer(815301076,1909f56bfc062723c751e8b465ee728b)
Start importing Assets/Prefabs/Debug/Rocket.prefab using Guid(af20b837c04b5594f92d87731bf6549d) Importer(815301076,1909f56bfc062723c751e8b465ee728b)  -> (artifact id: 'be0345eb5b02f44dbdcb35e316810335') in 0.027459 seconds 
========================================================================
Received Import Request.
  Time since last request: 0.000183 seconds.
  path: Assets/Prefabs/Debug/ShieldObject.prefab
  artifactKey: Guid(56892496128040d44a3c3b42dcdecd6f) Importer(815301076,1909f56bfc062723c751e8b465ee728b)
Start importing Assets/Prefabs/Debug/ShieldObject.prefab using Guid(56892496128040d44a3c3b42dcdecd6f) Importer(815301076,1909f56bfc062723c751e8b465ee728b)  -> (artifact id: '06a9682547a9b11bd1945a557b76d30c') in 0.025496 seconds 
========================================================================
Received Import Request.
  Time since last request: 0.000185 seconds.
  path: Assets/Prefabs/Debug/ShieldrPickup.prefab
  artifactKey: Guid(f55ab9e2225467540814eebcda50483a) Importer(815301076,1909f56bfc062723c751e8b465ee728b)
Start importing Assets/Prefabs/Debug/ShieldrPickup.prefab using Guid(f55ab9e2225467540814eebcda50483a) Importer(815301076,1909f56bfc062723c751e8b465ee728b)  -> (artifact id: '34c010687f9b96d06b43024a2eb85a2f') in 0.017301 seconds 
========================================================================
Received Import Request.
  Time since last request: 0.000140 seconds.
  path: Assets/Prefabs/Debug
  artifactKey: Guid(04ff2cb9d5073724d815d476e0815cb2) Importer(815301076,1909f56bfc062723c751e8b465ee728b)
Start importing Assets/Prefabs/Debug using Guid(04ff2cb9d5073724d815d476e0815cb2) Importer(815301076,1909f56bfc062723c751e8b465ee728b)  -> (artifact id: '2ff83c649dcb3d70db4dca48ccdbdbde') in 0.017890 seconds 
========================================================================
Received Import Request.
  Time since last request: 0.000199 seconds.
  path: Assets/Prefabs/Planes
  artifactKey: Guid(6414e1886c152444d89d4967e103da7f) Importer(815301076,1909f56bfc062723c751e8b465ee728b)
Start importing Assets/Prefabs/Planes using Guid(6414e1886c152444d89d4967e103da7f) Importer(815301076,1909f56bfc062723c751e8b465ee728b)  -> (artifact id: '7c6bae0b84b9d15e825caf96f25c70f4') in 0.006781 seconds 
========================================================================
Received Import Request.
  Time since last request: 0.000305 seconds.
  path: Assets/Prefabs/Debug/Pointer.prefab
  artifactKey: Guid(9d65a68d10ae6ec439ba54ea6574cacf) Importer(815301076,1909f56bfc062723c751e8b465ee728b)
Start importing Assets/Prefabs/Debug/Pointer.prefab using Guid(9d65a68d10ae6ec439ba54ea6574cacf) Importer(815301076,1909f56bfc062723c751e8b465ee728b)  -> (artifact id: '70d573ac58cc56cabf30cadd18bdfa30') in 0.053058 seconds 
========================================================================
Received Import Request.
  Time since last request: 0.000204 seconds.
  path: Assets/Prefabs/Debug/AfterBurnerPickup.prefab
  artifactKey: Guid(43603fd751784d74eb9cdab23e1c6f7c) Importer(815301076,1909f56bfc062723c751e8b465ee728b)
Start importing Assets/Prefabs/Debug/AfterBurnerPickup.prefab using Guid(43603fd751784d74eb9cdab23e1c6f7c) Importer(815301076,1909f56bfc062723c751e8b465ee728b)  -> (artifact id: 'ec4188baa1f4bac18e93eeb2fa34e0a9') in 0.037562 seconds 
========================================================================
Received Import Request.
  Time since last request: 0.000204 seconds.
  path: Assets/Prefabs/Debug/Missile02A.prefab
  artifactKey: Guid(6971f448a84d0414aaf8b83a4dd5fbdf) Importer(815301076,1909f56bfc062723c751e8b465ee728b)
Start importing Assets/Prefabs/Debug/Missile02A.prefab using Guid(6971f448a84d0414aaf8b83a4dd5fbdf) Importer(815301076,1909f56bfc062723c751e8b465ee728b)  -> (artifact id: '43465d4e0c0444225a91a83f87b1d992') in 0.020856 seconds 
========================================================================
Received Prepare
Registering precompiled user dll's ...
Registered in 0.002940 seconds.
Begin MonoManager ReloadAssembly
Native extension for WindowsStandalone target not found
Refreshing native plugins compatible for Editor in 1.46 ms, found 1 plugins.
Preloading 0 native plugins for Editor in 0.00 ms.
Mono: successfully reloaded assembly
- Completed reload, in  2.468 seconds
Platform modules already initialized, skipping
Switching build target platform(19) subTarget(0) extendedPlatform(0) -> platform(13) subTarget(537395200) extendedPlatform(0)
Refreshing native plugins compatible for Editor in 1.65 ms, found 1 plugins.
Preloading 0 native plugins for Editor in 0.00 ms.
Unloading 3748 Unused Serialized files (Serialized files now loaded: 0)
System memory in use before: 153.7 MB.
System memory in use after: 153.9 MB.

Unloading 161 unused Assets to reduce memory usage. Loaded Objects now: 4257.
Total: 10.570700 ms (FindLiveObjects: 0.364500 ms CreateObjectMapping: 0.615000 ms MarkObjects: 9.251800 ms  DeleteObjects: 0.337000 ms)

AssetImportParameters requested are different than current active one (requested -> active):
  custom:graphics/normal-map-encoding: 01000000000000000000000000000000 -> 02000000000000000000000000000000
AssetImportWorkerClient::OnTransportError - code=2 error=End of file
